[2025-07-08 15:22:55,620] - [INFO] - Data loaded - [CMC_utils.save_load.datasets]
[2025-07-08 15:22:55,953] - [INFO] - Dataset ready - [CMC_utils.datasets.supervised]
[2025-07-08 15:22:56,332] - [INFO] - Cross-validation folds ready - [cross_validation.functions]
[2025-07-08 15:22:56,342] - [INFO] - Fold 0-0: started - [cross_validation.functions]
[2025-07-08 15:22:56,488] - [INFO] - Categorical preprocessing done - [CMC_utils.preprocessing.tabular.functions.categorical_features]
[2025-07-08 15:22:56,490] - [INFO] - Categorical preprocessing params saved - [CMC_utils.preprocessing.tabular.tabular_preprocessing]
[2025-07-08 15:22:56,511] - [INFO] - Numerical preprocessing done - [CMC_utils.preprocessing.tabular.functions.numerical_features]
[2025-07-08 15:22:56,513] - [INFO] - Numerical preprocessing params saved - [CMC_utils.preprocessing.tabular.tabular_preprocessing]
[2025-07-08 15:22:56,551] - [INFO] - Imputation done - [CMC_utils.preprocessing.tabular.functions.missing_features]
[2025-07-08 15:22:56,553] - [INFO] - Imputation model saved - [CMC_utils.preprocessing.tabular.tabular_preprocessing]
[2025-07-08 15:22:56,678] - [INFO] - Categorical preprocessing done - [CMC_utils.preprocessing.tabular.functions.categorical_features]
[2025-07-08 15:22:56,696] - [INFO] - Numerical preprocessing done - [CMC_utils.preprocessing.tabular.functions.numerical_features]
[2025-07-08 15:22:56,725] - [INFO] - Imputation done - [CMC_utils.preprocessing.tabular.functions.missing_features]
[2025-07-08 15:22:56,788] - [INFO] - Categorical preprocessing done - [CMC_utils.preprocessing.tabular.functions.categorical_features]
[2025-07-08 15:22:56,795] - [INFO] - Numerical preprocessing done - [CMC_utils.preprocessing.tabular.functions.numerical_features]
[2025-07-08 15:22:56,805] - [INFO] - Imputation done - [CMC_utils.preprocessing.tabular.functions.missing_features]
[2025-07-08 15:23:03,558] - [INFO] - ---------- - [models.train_test.torch_model.train_utils]
[2025-07-08 15:23:03,558] - [INFO] - Epoch 1/1500 - [models.train_test.torch_model.train_utils]
[2025-07-08 15:23:57,065] - [INFO] - train loss: 0.6579 auc: [0.8864, 0.8864] - [models.train_test.torch_model.train]
[2025-07-08 15:24:02,779] - [INFO] - val loss: 1.1642 auc: [0.8895, 0.8895] - [models.train_test.torch_model.train]
[2025-07-08 15:24:02,780] - [INFO] - ---------- - [models.train_test.torch_model.train_utils]
[2025-07-08 15:24:02,780] - [INFO] - Epoch 2/1500 - [models.train_test.torch_model.train_utils]
[2025-07-08 15:24:50,612] - [INFO] - train loss: 0.4263 auc: [0.8999, 0.8999] - [models.train_test.torch_model.train]
[2025-07-08 15:24:56,019] - [INFO] - val loss: 1.0852 auc: [0.9003, 0.9003] - [models.train_test.torch_model.train]
[2025-07-08 15:24:56,019] - [INFO] - ---------- - [models.train_test.torch_model.train_utils]
[2025-07-08 15:24:56,019] - [INFO] - Epoch 3/1500 - [models.train_test.torch_model.train_utils]
[2025-07-08 15:25:42,912] - [INFO] - train loss: 0.3858 auc: [0.9084, 0.9084] - [models.train_test.torch_model.train]
[2025-07-08 15:25:48,412] - [INFO] - val loss: 1.0184 auc: [0.9035, 0.9035] - [models.train_test.torch_model.train]
[2025-07-08 15:25:48,412] - [INFO] - ---------- - [models.train_test.torch_model.train_utils]
[2025-07-08 15:25:48,412] - [INFO] - Epoch 4/1500 - [models.train_test.torch_model.train_utils]
[2025-07-08 15:26:36,984] - [INFO] - train loss: 0.3657 auc: [0.9136, 0.9136] - [models.train_test.torch_model.train]
[2025-07-08 15:26:42,766] - [INFO] - val loss: 0.9904 auc: [0.9085, 0.9085] - [models.train_test.torch_model.train]
[2025-07-08 15:26:42,767] - [INFO] - ---------- - [models.train_test.torch_model.train_utils]
[2025-07-08 15:26:42,767] - [INFO] - Epoch 5/1500 - [models.train_test.torch_model.train_utils]
[2025-07-08 15:27:32,063] - [INFO] - train loss: 0.3558 auc: [0.9149, 0.9149] - [models.train_test.torch_model.train]
[2025-07-08 15:27:37,534] - [INFO] - val loss: 0.9562 auc: [0.9075, 0.9075] - [models.train_test.torch_model.train]
[2025-07-08 15:27:37,534] - [INFO] - ---------- - [models.train_test.torch_model.train_utils]
[2025-07-08 15:27:37,534] - [INFO] - Epoch 6/1500 - [models.train_test.torch_model.train_utils]
[2025-07-08 15:28:26,722] - [INFO] - train loss: 0.3500 auc: [0.9151, 0.9151] - [models.train_test.torch_model.train]
[2025-07-08 15:28:32,235] - [INFO] - val loss: 0.9361 auc: [0.9095, 0.9095] - [models.train_test.torch_model.train]
[2025-07-08 15:28:32,235] - [INFO] - ---------- - [models.train_test.torch_model.train_utils]
[2025-07-08 15:28:32,235] - [INFO] - Epoch 7/1500 - [models.train_test.torch_model.train_utils]
[2025-07-08 15:29:21,211] - [INFO] - train loss: 0.3503 auc: [0.9136, 0.9136] - [models.train_test.torch_model.train]
[2025-07-08 15:29:26,655] - [INFO] - val loss: 0.9753 auc: [0.9097, 0.9097] - [models.train_test.torch_model.train]
[2025-07-08 15:29:26,655] - [INFO] - ---------- - [models.train_test.torch_model.train_utils]
[2025-07-08 15:29:26,655] - [INFO] - Epoch 8/1500 - [models.train_test.torch_model.train_utils]
[2025-07-08 15:30:14,479] - [INFO] - train loss: 0.3437 auc: [0.9145, 0.9145] - [models.train_test.torch_model.train]
[2025-07-08 15:30:19,918] - [INFO] - val loss: 0.9889 auc: [0.9108, 0.9108] - [models.train_test.torch_model.train]
[2025-07-08 15:30:19,918] - [INFO] - ---------- - [models.train_test.torch_model.train_utils]
[2025-07-08 15:30:19,918] - [INFO] - Epoch 9/1500 - [models.train_test.torch_model.train_utils]
[2025-07-08 15:31:08,792] - [INFO] - train loss: 0.3430 auc: [0.9136, 0.9136] - [models.train_test.torch_model.train]
[2025-07-08 15:31:14,319] - [INFO] - val loss: 0.9198 auc: [0.9088, 0.9088] - [models.train_test.torch_model.train]
[2025-07-08 15:31:14,320] - [INFO] - ---------- - [models.train_test.torch_model.train_utils]
[2025-07-08 15:31:14,320] - [INFO] - Epoch 10/1500 - [models.train_test.torch_model.train_utils]
[2025-07-08 15:32:10,870] - [INFO] - train loss: 0.3386 auc: [0.9149, 0.9149] - [models.train_test.torch_model.train]
[2025-07-08 15:32:16,788] - [INFO] - val loss: 0.9453 auc: [0.9094, 0.9094] - [models.train_test.torch_model.train]
[2025-07-08 15:32:16,788] - [INFO] - ---------- - [models.train_test.torch_model.train_utils]
[2025-07-08 15:32:16,788] - [INFO] - Epoch 11/1500 - [models.train_test.torch_model.train_utils]
[2025-07-08 15:33:15,258] - [INFO] - train loss: 0.3342 auc: [0.9157, 0.9157] - [models.train_test.torch_model.train]
[2025-07-08 15:33:20,921] - [INFO] - val loss: 0.9554 auc: [0.9082, 0.9082] - [models.train_test.torch_model.train]
[2025-07-08 15:33:20,921] - [INFO] - ---------- - [models.train_test.torch_model.train_utils]
[2025-07-08 15:33:20,922] - [INFO] - Epoch 12/1500 - [models.train_test.torch_model.train_utils]
[2025-07-08 15:34:17,823] - [INFO] - train loss: 0.3388 auc: [0.9135, 0.9135] - [models.train_test.torch_model.train]
[2025-07-08 15:34:23,327] - [INFO] - val loss: 0.9529 auc: [0.9075, 0.9075] - [models.train_test.torch_model.train]
[2025-07-08 15:34:23,327] - [INFO] - ---------- - [models.train_test.torch_model.train_utils]
[2025-07-08 15:34:23,327] - [INFO] - Epoch 13/1500 - [models.train_test.torch_model.train_utils]
[2025-07-08 15:35:19,626] - [INFO] - train loss: 0.3329 auc: [0.9156, 0.9156] - [models.train_test.torch_model.train]
[2025-07-08 15:35:25,072] - [INFO] - val loss: 0.8897 auc: [0.9104, 0.9104] - [models.train_test.torch_model.train]
[2025-07-08 15:35:25,073] - [INFO] - ---------- - [models.train_test.torch_model.train_utils]
[2025-07-08 15:35:25,073] - [INFO] - Epoch 14/1500 - [models.train_test.torch_model.train_utils]
[2025-07-08 15:36:21,476] - [INFO] - train loss: 0.3303 auc: [0.9167, 0.9167] - [models.train_test.torch_model.train]
[2025-07-08 15:36:27,050] - [INFO] - val loss: 0.9777 auc: [0.9104, 0.9104] - [models.train_test.torch_model.train]
[2025-07-08 15:36:27,050] - [INFO] - ---------- - [models.train_test.torch_model.train_utils]
[2025-07-08 15:36:27,050] - [INFO] - Epoch 15/1500 - [models.train_test.torch_model.train_utils]
[2025-07-08 15:37:23,576] - [INFO] - train loss: 0.3361 auc: [0.912, 0.912] - [models.train_test.torch_model.train]
[2025-07-08 15:37:29,103] - [INFO] - val loss: 0.8663 auc: [0.9114, 0.9114] - [models.train_test.torch_model.train]
[2025-07-08 15:37:29,103] - [INFO] - ---------- - [models.train_test.torch_model.train_utils]
[2025-07-08 15:37:29,103] - [INFO] - Epoch 16/1500 - [models.train_test.torch_model.train_utils]
[2025-07-08 15:38:25,700] - [INFO] - train loss: 0.3316 auc: [0.9152, 0.9152] - [models.train_test.torch_model.train]
[2025-07-08 15:38:31,254] - [INFO] - val loss: 0.9696 auc: [0.9086, 0.9086] - [models.train_test.torch_model.train]
[2025-07-08 15:38:31,254] - [INFO] - ---------- - [models.train_test.torch_model.train_utils]
[2025-07-08 15:38:31,254] - [INFO] - Epoch 17/1500 - [models.train_test.torch_model.train_utils]
[2025-07-08 15:39:27,699] - [INFO] - train loss: 0.3297 auc: [0.916, 0.916] - [models.train_test.torch_model.train]
[2025-07-08 15:39:33,042] - [INFO] - val loss: 0.9456 auc: [0.9099, 0.9099] - [models.train_test.torch_model.train]
[2025-07-08 15:39:33,042] - [INFO] - ---------- - [models.train_test.torch_model.train_utils]
[2025-07-08 15:39:33,042] - [INFO] - Epoch 18/1500 - [models.train_test.torch_model.train_utils]
[2025-07-08 15:40:29,387] - [INFO] - train loss: 0.3313 auc: [0.9149, 0.9149] - [models.train_test.torch_model.train]
[2025-07-08 15:40:34,606] - [INFO] - val loss: 0.9143 auc: [0.9092, 0.9092] - [models.train_test.torch_model.train]
[2025-07-08 15:40:34,606] - [INFO] - ---------- - [models.train_test.torch_model.train_utils]
[2025-07-08 15:40:34,606] - [INFO] - Epoch 19/1500 - [models.train_test.torch_model.train_utils]
[2025-07-08 15:41:31,152] - [INFO] - train loss: 0.3295 auc: [0.9159, 0.9159] - [models.train_test.torch_model.train]
[2025-07-08 15:41:36,734] - [INFO] - val loss: 0.9401 auc: [0.907, 0.907] - [models.train_test.torch_model.train]
[2025-07-08 15:41:36,734] - [INFO] - ---------- - [models.train_test.torch_model.train_utils]
[2025-07-08 15:41:36,734] - [INFO] - Epoch 20/1500 - [models.train_test.torch_model.train_utils]
[2025-07-08 15:42:34,449] - [INFO] - train loss: 0.3312 auc: [0.914, 0.914] - [models.train_test.torch_model.train]
[2025-07-08 15:42:40,206] - [INFO] - val loss: 0.9337 auc: [0.9087, 0.9087] - [models.train_test.torch_model.train]
[2025-07-08 15:42:40,206] - [INFO] - ---------- - [models.train_test.torch_model.train_utils]
[2025-07-08 15:42:40,206] - [INFO] - Epoch 21/1500 - [models.train_test.torch_model.train_utils]
[2025-07-08 15:43:37,504] - [INFO] - train loss: 0.3324 auc: [0.9141, 0.9141] - [models.train_test.torch_model.train]
[2025-07-08 15:43:43,511] - [INFO] - val loss: 0.9644 auc: [0.9118, 0.9118] - [models.train_test.torch_model.train]
[2025-07-08 15:43:43,511] - [INFO] - ---------- - [models.train_test.torch_model.train_utils]
[2025-07-08 15:43:43,512] - [INFO] - Epoch 22/1500 - [models.train_test.torch_model.train_utils]
[2025-07-08 15:44:40,862] - [INFO] - train loss: 0.3335 auc: [0.9131, 0.9131] - [models.train_test.torch_model.train]
[2025-07-08 15:44:46,255] - [INFO] - val loss: 0.8951 auc: [0.9105, 0.9105] - [models.train_test.torch_model.train]
[2025-07-08 15:44:46,255] - [INFO] - ---------- - [models.train_test.torch_model.train_utils]
[2025-07-08 15:44:46,256] - [INFO] - Epoch 23/1500 - [models.train_test.torch_model.train_utils]
[2025-07-08 15:45:43,580] - [INFO] - train loss: 0.3311 auc: [0.9147, 0.9147] - [models.train_test.torch_model.train]
[2025-07-08 15:45:49,229] - [INFO] - val loss: 0.9008 auc: [0.9086, 0.9086] - [models.train_test.torch_model.train]
[2025-07-08 15:45:49,230] - [INFO] - ---------- - [models.train_test.torch_model.train_utils]
[2025-07-08 15:45:49,230] - [INFO] - Epoch 24/1500 - [models.train_test.torch_model.train_utils]
[2025-07-08 15:46:46,574] - [INFO] - train loss: 0.3295 auc: [0.915, 0.915] - [models.train_test.torch_model.train]
[2025-07-08 15:46:52,186] - [INFO] - val loss: 0.9099 auc: [0.91, 0.91] - [models.train_test.torch_model.train]
[2025-07-08 15:46:52,186] - [INFO] - ---------- - [models.train_test.torch_model.train_utils]
[2025-07-08 15:46:52,186] - [INFO] - Epoch 25/1500 - [models.train_test.torch_model.train_utils]
[2025-07-08 15:47:50,015] - [INFO] - train loss: 0.3334 auc: [0.9126, 0.9126] - [models.train_test.torch_model.train]
[2025-07-08 15:47:55,846] - [INFO] - val loss: 0.9420 auc: [0.9074, 0.9074] - [models.train_test.torch_model.train]
[2025-07-08 15:47:55,846] - [INFO] - ---------- - [models.train_test.torch_model.train_utils]
[2025-07-08 15:47:55,846] - [INFO] - Epoch 26/1500 - [models.train_test.torch_model.train_utils]
[2025-07-08 15:48:53,388] - [INFO] - train loss: 0.3306 auc: [0.9141, 0.9141] - [models.train_test.torch_model.train]
[2025-07-08 15:48:59,221] - [INFO] - val loss: 0.9311 auc: [0.9082, 0.9082] - [models.train_test.torch_model.train]
[2025-07-08 15:48:59,221] - [INFO] - ---------- - [models.train_test.torch_model.train_utils]
[2025-07-08 15:48:59,221] - [INFO] - Epoch 27/1500 - [models.train_test.torch_model.train_utils]
[2025-07-08 15:49:57,215] - [INFO] - train loss: 0.3301 auc: [0.9152, 0.9152] - [models.train_test.torch_model.train]
[2025-07-08 15:50:02,737] - [INFO] - val loss: 0.9357 auc: [0.9099, 0.9099] - [models.train_test.torch_model.train]
[2025-07-08 15:50:02,737] - [INFO] - ---------- - [models.train_test.torch_model.train_utils]
[2025-07-08 15:50:02,737] - [INFO] - Epoch 28/1500 - [models.train_test.torch_model.train_utils]
[2025-07-08 15:50:59,549] - [INFO] - train loss: 0.3266 auc: [0.9171, 0.9171] - [models.train_test.torch_model.train]
[2025-07-08 15:51:05,230] - [INFO] - val loss: 0.9400 auc: [0.9085, 0.9085] - [models.train_test.torch_model.train]
[2025-07-08 15:51:05,230] - [INFO] - ---------- - [models.train_test.torch_model.train_utils]
[2025-07-08 15:51:05,230] - [INFO] - Epoch 29/1500 - [models.train_test.torch_model.train_utils]
[2025-07-08 15:52:02,127] - [INFO] - train loss: 0.3308 auc: [0.9141, 0.9141] - [models.train_test.torch_model.train]
[2025-07-08 15:52:07,920] - [INFO] - val loss: 0.9222 auc: [0.9093, 0.9093] - [models.train_test.torch_model.train]
[2025-07-08 15:52:07,921] - [INFO] - ---------- - [models.train_test.torch_model.train_utils]
[2025-07-08 15:52:07,921] - [INFO] - Epoch 30/1500 - [models.train_test.torch_model.train_utils]
[2025-07-08 15:53:05,411] - [INFO] - train loss: 0.3280 auc: [0.915, 0.915] - [models.train_test.torch_model.train]
[2025-07-08 15:53:11,096] - [INFO] - val loss: 0.9146 auc: [0.9109, 0.9109] - [models.train_test.torch_model.train]
[2025-07-08 15:53:11,096] - [INFO] - ---------- - [models.train_test.torch_model.train_utils]
[2025-07-08 15:53:11,096] - [INFO] - Epoch 31/1500 - [models.train_test.torch_model.train_utils]
[2025-07-08 15:54:07,906] - [INFO] - train loss: 0.3292 auc: [0.915, 0.915] - [models.train_test.torch_model.train]
[2025-07-08 15:54:13,611] - [INFO] - val loss: 1.0421 auc: [0.9067, 0.9067] - [models.train_test.torch_model.train]
[2025-07-08 15:54:13,611] - [INFO] - ---------- - [models.train_test.torch_model.train_utils]
[2025-07-08 15:54:13,612] - [INFO] - Epoch 32/1500 - [models.train_test.torch_model.train_utils]
[2025-07-08 15:55:10,541] - [INFO] - train loss: 0.3327 auc: [0.9127, 0.9127] - [models.train_test.torch_model.train]
[2025-07-08 15:55:15,988] - [INFO] - val loss: 0.9288 auc: [0.909, 0.909] - [models.train_test.torch_model.train]
[2025-07-08 15:55:15,988] - [INFO] - ---------- - [models.train_test.torch_model.train_utils]
[2025-07-08 15:55:15,988] - [INFO] - Epoch 33/1500 - [models.train_test.torch_model.train_utils]
[2025-07-08 15:56:12,852] - [INFO] - train loss: 0.3277 auc: [0.9157, 0.9157] - [models.train_test.torch_model.train]
[2025-07-08 15:56:18,434] - [INFO] - val loss: 0.9185 auc: [0.9088, 0.9088] - [models.train_test.torch_model.train]
[2025-07-08 15:56:18,435] - [INFO] - ---------- - [models.train_test.torch_model.train_utils]
[2025-07-08 15:56:18,435] - [INFO] - Epoch 34/1500 - [models.train_test.torch_model.train_utils]
[2025-07-08 15:57:15,162] - [INFO] - train loss: 0.3290 auc: [0.9153, 0.9153] - [models.train_test.torch_model.train]
[2025-07-08 15:57:20,333] - [INFO] - val loss: 0.9108 auc: [0.9102, 0.9102] - [models.train_test.torch_model.train]
[2025-07-08 15:57:20,333] - [INFO] - ---------- - [models.train_test.torch_model.train_utils]
[2025-07-08 15:57:20,333] - [INFO] - Epoch 35/1500 - [models.train_test.torch_model.train_utils]
[2025-07-08 15:58:16,425] - [INFO] - train loss: 0.3286 auc: [0.916, 0.916] - [models.train_test.torch_model.train]
[2025-07-08 15:58:21,785] - [INFO] - val loss: 0.9264 auc: [0.9092, 0.9092] - [models.train_test.torch_model.train]
[2025-07-08 15:58:21,785] - [INFO] - ---------- - [models.train_test.torch_model.train_utils]
[2025-07-08 15:58:21,785] - [INFO] - Epoch 36/1500 - [models.train_test.torch_model.train_utils]
[2025-07-08 15:59:18,100] - [INFO] - train loss: 0.3294 auc: [0.9144, 0.9144] - [models.train_test.torch_model.train]
[2025-07-08 15:59:23,454] - [INFO] - val loss: 0.9395 auc: [0.9087, 0.9087] - [models.train_test.torch_model.train]
[2025-07-08 15:59:23,454] - [INFO] - ---------- - [models.train_test.torch_model.train_utils]
[2025-07-08 15:59:23,455] - [INFO] - Epoch 37/1500 - [models.train_test.torch_model.train_utils]
[2025-07-08 16:00:17,308] - [INFO] - train loss: 0.3231 auc: [0.9184, 0.9184] - [models.train_test.torch_model.train]
[2025-07-08 16:00:22,688] - [INFO] - val loss: 0.9093 auc: [0.9116, 0.9116] - [models.train_test.torch_model.train]
[2025-07-08 16:00:22,689] - [INFO] - ---------- - [models.train_test.torch_model.train_utils]
[2025-07-08 16:00:22,689] - [INFO] - Epoch 38/1500 - [models.train_test.torch_model.train_utils]
[2025-07-08 16:01:11,039] - [INFO] - train loss: 0.3285 auc: [0.9151, 0.9151] - [models.train_test.torch_model.train]
[2025-07-08 16:01:16,543] - [INFO] - val loss: 0.9180 auc: [0.9097, 0.9097] - [models.train_test.torch_model.train]
[2025-07-08 16:01:16,543] - [INFO] - ---------- - [models.train_test.torch_model.train_utils]
[2025-07-08 16:01:16,543] - [INFO] - Epoch 39/1500 - [models.train_test.torch_model.train_utils]
[2025-07-08 16:02:14,032] - [INFO] - train loss: 0.3286 auc: [0.9149, 0.9149] - [models.train_test.torch_model.train]
[2025-07-08 16:02:19,302] - [INFO] - val loss: 1.0071 auc: [0.9079, 0.9079] - [models.train_test.torch_model.train]
[2025-07-08 16:02:19,302] - [INFO] - ---------- - [models.train_test.torch_model.train_utils]
[2025-07-08 16:02:19,302] - [INFO] - Epoch 40/1500 - [models.train_test.torch_model.train_utils]
[2025-07-08 16:03:16,208] - [INFO] - train loss: 0.3268 auc: [0.9155, 0.9155] - [models.train_test.torch_model.train]
[2025-07-08 16:03:21,653] - [INFO] - val loss: 0.9258 auc: [0.9116, 0.9116] - [models.train_test.torch_model.train]
[2025-07-08 16:03:21,654] - [INFO] - ---------- - [models.train_test.torch_model.train_utils]
[2025-07-08 16:03:21,654] - [INFO] - Epoch 41/1500 - [models.train_test.torch_model.train_utils]
[2025-07-08 16:04:18,419] - [INFO] - train loss: 0.3273 auc: [0.9158, 0.9158] - [models.train_test.torch_model.train]
[2025-07-08 16:04:23,767] - [INFO] - val loss: 0.9367 auc: [0.9089, 0.9089] - [models.train_test.torch_model.train]
[2025-07-08 16:04:23,767] - [INFO] - ---------- - [models.train_test.torch_model.train_utils]
[2025-07-08 16:04:23,767] - [INFO] - Epoch 42/1500 - [models.train_test.torch_model.train_utils]
[2025-07-08 16:05:21,931] - [INFO] - train loss: 0.3258 auc: [0.9164, 0.9164] - [models.train_test.torch_model.train]
[2025-07-08 16:05:27,697] - [INFO] - val loss: 0.9377 auc: [0.9098, 0.9098] - [models.train_test.torch_model.train]
[2025-07-08 16:05:27,698] - [INFO] - ---------- - [models.train_test.torch_model.train_utils]
[2025-07-08 16:05:27,698] - [INFO] - Epoch 43/1500 - [models.train_test.torch_model.train_utils]
[2025-07-08 16:06:31,890] - [INFO] - train loss: 0.3241 auc: [0.9183, 0.9183] - [models.train_test.torch_model.train]
[2025-07-08 16:06:37,391] - [INFO] - val loss: 0.9762 auc: [0.9078, 0.9078] - [models.train_test.torch_model.train]
[2025-07-08 16:06:37,391] - [INFO] - ---------- - [models.train_test.torch_model.train_utils]
[2025-07-08 16:06:37,391] - [INFO] - Epoch 44/1500 - [models.train_test.torch_model.train_utils]
[2025-07-08 16:07:30,288] - [INFO] - train loss: 0.3258 auc: [0.9167, 0.9167] - [models.train_test.torch_model.train]
[2025-07-08 16:07:35,679] - [INFO] - val loss: 0.8759 auc: [0.9091, 0.9091] - [models.train_test.torch_model.train]
[2025-07-08 16:07:35,679] - [INFO] - ---------- - [models.train_test.torch_model.train_utils]
[2025-07-08 16:07:35,679] - [INFO] - Epoch 45/1500 - [models.train_test.torch_model.train_utils]
[2025-07-08 16:08:23,424] - [INFO] - train loss: 0.3250 auc: [0.9172, 0.9172] - [models.train_test.torch_model.train]
[2025-07-08 16:08:28,903] - [INFO] - val loss: 0.9403 auc: [0.9068, 0.9068] - [models.train_test.torch_model.train]
[2025-07-08 16:08:28,903] - [INFO] - ---------- - [models.train_test.torch_model.train_utils]
[2025-07-08 16:08:28,903] - [INFO] - Epoch 46/1500 - [models.train_test.torch_model.train_utils]
[2025-07-08 16:09:16,389] - [INFO] - train loss: 0.3282 auc: [0.9147, 0.9147] - [models.train_test.torch_model.train]
[2025-07-08 16:09:22,027] - [INFO] - val loss: 0.9363 auc: [0.909, 0.909] - [models.train_test.torch_model.train]
[2025-07-08 16:09:22,028] - [INFO] - ---------- - [models.train_test.torch_model.train_utils]
[2025-07-08 16:09:22,028] - [INFO] - Epoch 47/1500 - [models.train_test.torch_model.train_utils]
[2025-07-08 16:10:10,402] - [INFO] - train loss: 0.3273 auc: [0.9158, 0.9158] - [models.train_test.torch_model.train]
[2025-07-08 16:10:15,802] - [INFO] - val loss: 0.9029 auc: [0.9084, 0.9084] - [models.train_test.torch_model.train]
[2025-07-08 16:10:15,803] - [INFO] - ---------- - [models.train_test.torch_model.train_utils]
[2025-07-08 16:10:15,803] - [INFO] - Epoch 48/1500 - [models.train_test.torch_model.train_utils]
[2025-07-08 16:11:03,527] - [INFO] - train loss: 0.3257 auc: [0.9158, 0.9158] - [models.train_test.torch_model.train]
[2025-07-08 16:11:09,017] - [INFO] - val loss: 0.8871 auc: [0.9089, 0.9089] - [models.train_test.torch_model.train]
[2025-07-08 16:11:09,018] - [INFO] - ---------- - [models.train_test.torch_model.train_utils]
[2025-07-08 16:11:09,018] - [INFO] - Epoch 49/1500 - [models.train_test.torch_model.train_utils]
[2025-07-08 16:11:55,704] - [INFO] - train loss: 0.3226 auc: [0.9188, 0.9188] - [models.train_test.torch_model.train]
[2025-07-08 16:12:00,948] - [INFO] - val loss: 0.8985 auc: [0.91, 0.91] - [models.train_test.torch_model.train]
[2025-07-08 16:12:00,948] - [INFO] - ---------- - [models.train_test.torch_model.train_utils]
[2025-07-08 16:12:00,948] - [INFO] - Epoch 50/1500 - [models.train_test.torch_model.train_utils]
[2025-07-08 16:12:47,442] - [INFO] - train loss: 0.3256 auc: [0.9155, 0.9155] - [models.train_test.torch_model.train]
[2025-07-08 16:12:52,812] - [INFO] - val loss: 1.0075 auc: [0.9094, 0.9094] - [models.train_test.torch_model.train]
[2025-07-08 16:12:52,813] - [INFO] - ---------- - [models.train_test.torch_model.train_utils]
[2025-07-08 16:12:52,813] - [INFO] - Epoch 51/1500 - [models.train_test.torch_model.train_utils]
[2025-07-08 16:13:39,705] - [INFO] - train loss: 0.3251 auc: [0.9168, 0.9168] - [models.train_test.torch_model.train]
[2025-07-08 16:13:45,171] - [INFO] - val loss: 0.9069 auc: [0.91, 0.91] - [models.train_test.torch_model.train]
[2025-07-08 16:13:45,171] - [INFO] - ---------- - [models.train_test.torch_model.train_utils]
[2025-07-08 16:13:45,172] - [INFO] - Epoch 52/1500 - [models.train_test.torch_model.train_utils]
[2025-07-08 16:14:31,869] - [INFO] - train loss: 0.3256 auc: [0.9164, 0.9164] - [models.train_test.torch_model.train]
[2025-07-08 16:14:37,235] - [INFO] - val loss: 0.9552 auc: [0.9086, 0.9086] - [models.train_test.torch_model.train]
[2025-07-08 16:14:37,322] - [INFO] - ---------- - [models.train_test.torch_model.train_utils]
[2025-07-08 16:14:37,322] - [INFO] - Epoch 53/1500 - [models.train_test.torch_model.train_utils]
[2025-07-08 16:15:24,031] - [INFO] - train loss: 0.3271 auc: [0.9153, 0.9153] - [models.train_test.torch_model.train]
[2025-07-08 16:15:29,360] - [INFO] - val loss: 0.9581 auc: [0.9045, 0.9045] - [models.train_test.torch_model.train]
[2025-07-08 16:15:29,361] - [INFO] - ---------- - [models.train_test.torch_model.train_utils]
[2025-07-08 16:15:29,361] - [INFO] - Epoch 54/1500 - [models.train_test.torch_model.train_utils]
[2025-07-08 16:16:15,643] - [INFO] - train loss: 0.3278 auc: [0.9153, 0.9153] - [models.train_test.torch_model.train]
[2025-07-08 16:16:20,932] - [INFO] - val loss: 0.8805 auc: [0.9104, 0.9104] - [models.train_test.torch_model.train]
[2025-07-08 16:16:20,981] - [INFO] - ---------- - [models.train_test.torch_model.train_utils]
[2025-07-08 16:16:20,981] - [INFO] - Epoch 55/1500 - [models.train_test.torch_model.train_utils]
[2025-07-08 16:17:07,110] - [INFO] - train loss: 0.3218 auc: [0.9191, 0.9191] - [models.train_test.torch_model.train]
[2025-07-08 16:17:12,520] - [INFO] - val loss: 0.9583 auc: [0.9094, 0.9094] - [models.train_test.torch_model.train]
[2025-07-08 16:17:12,520] - [INFO] - ---------- - [models.train_test.torch_model.train_utils]
[2025-07-08 16:17:12,520] - [INFO] - Epoch 56/1500 - [models.train_test.torch_model.train_utils]
[2025-07-08 16:17:59,925] - [INFO] - train loss: 0.3248 auc: [0.9164, 0.9164] - [models.train_test.torch_model.train]
[2025-07-08 16:18:05,266] - [INFO] - val loss: 0.9690 auc: [0.9086, 0.9086] - [models.train_test.torch_model.train]
[2025-07-08 16:18:05,267] - [INFO] - ---------- - [models.train_test.torch_model.train_utils]
[2025-07-08 16:18:05,267] - [INFO] - Epoch 57/1500 - [models.train_test.torch_model.train_utils]
[2025-07-08 16:18:51,942] - [INFO] - train loss: 0.3268 auc: [0.9158, 0.9158] - [models.train_test.torch_model.train]
[2025-07-08 16:18:57,229] - [INFO] - val loss: 0.8895 auc: [0.9106, 0.9106] - [models.train_test.torch_model.train]
[2025-07-08 16:18:57,229] - [INFO] - ---------- - [models.train_test.torch_model.train_utils]
[2025-07-08 16:18:57,229] - [INFO] - Epoch 58/1500 - [models.train_test.torch_model.train_utils]
[2025-07-08 16:19:45,133] - [INFO] - train loss: 0.3266 auc: [0.9157, 0.9157] - [models.train_test.torch_model.train]
[2025-07-08 16:19:50,404] - [INFO] - val loss: 0.9293 auc: [0.9101, 0.9101] - [models.train_test.torch_model.train]
[2025-07-08 16:19:50,404] - [INFO] - ---------- - [models.train_test.torch_model.train_utils]
[2025-07-08 16:19:50,404] - [INFO] - Epoch 59/1500 - [models.train_test.torch_model.train_utils]
[2025-07-08 16:20:37,256] - [INFO] - train loss: 0.3193 auc: [0.9199, 0.9199] - [models.train_test.torch_model.train]
[2025-07-08 16:20:42,767] - [INFO] - val loss: 0.9412 auc: [0.9084, 0.9084] - [models.train_test.torch_model.train]
[2025-07-08 16:20:42,767] - [INFO] - ---------- - [models.train_test.torch_model.train_utils]
[2025-07-08 16:20:42,767] - [INFO] - Epoch 60/1500 - [models.train_test.torch_model.train_utils]
[2025-07-08 16:21:30,212] - [INFO] - train loss: 0.3296 auc: [0.9136, 0.9136] - [models.train_test.torch_model.train]
[2025-07-08 16:21:35,426] - [INFO] - val loss: 0.9320 auc: [0.9093, 0.9093] - [models.train_test.torch_model.train]
[2025-07-08 16:21:35,426] - [INFO] - ---------- - [models.train_test.torch_model.train_utils]
[2025-07-08 16:21:35,426] - [INFO] - Epoch 61/1500 - [models.train_test.torch_model.train_utils]
[2025-07-08 16:22:22,843] - [INFO] - train loss: 0.3232 auc: [0.9168, 0.9168] - [models.train_test.torch_model.train]
[2025-07-08 16:22:28,318] - [INFO] - val loss: 0.8882 auc: [0.9094, 0.9094] - [models.train_test.torch_model.train]
[2025-07-08 16:22:28,318] - [INFO] - ---------- - [models.train_test.torch_model.train_utils]
[2025-07-08 16:22:28,318] - [INFO] - Epoch 62/1500 - [models.train_test.torch_model.train_utils]
[2025-07-08 16:23:16,706] - [INFO] - train loss: 0.3218 auc: [0.9176, 0.9176] - [models.train_test.torch_model.train]
[2025-07-08 16:23:21,917] - [INFO] - val loss: 0.9122 auc: [0.9096, 0.9096] - [models.train_test.torch_model.train]
[2025-07-08 16:23:21,918] - [INFO] - ---------- - [models.train_test.torch_model.train_utils]
[2025-07-08 16:23:21,918] - [INFO] - Epoch 63/1500 - [models.train_test.torch_model.train_utils]
[2025-07-08 16:24:09,510] - [INFO] - train loss: 0.3285 auc: [0.9137, 0.9137] - [models.train_test.torch_model.train]
[2025-07-08 16:24:15,284] - [INFO] - val loss: 0.9581 auc: [0.9093, 0.9093] - [models.train_test.torch_model.train]
[2025-07-08 16:24:15,285] - [INFO] - ---------- - [models.train_test.torch_model.train_utils]
[2025-07-08 16:24:15,285] - [INFO] - Epoch 64/1500 - [models.train_test.torch_model.train_utils]
[2025-07-08 16:25:02,324] - [INFO] - train loss: 0.3190 auc: [0.9185, 0.9185] - [models.train_test.torch_model.train]
[2025-07-08 16:25:07,568] - [INFO] - val loss: 0.9110 auc: [0.9086, 0.9086] - [models.train_test.torch_model.train]
[2025-07-08 16:25:07,568] - [INFO] - ---------- - [models.train_test.torch_model.train_utils]
[2025-07-08 16:25:07,568] - [INFO] - Epoch 65/1500 - [models.train_test.torch_model.train_utils]
[2025-07-08 16:25:54,552] - [INFO] - train loss: 0.3241 auc: [0.9165, 0.9165] - [models.train_test.torch_model.train]
[2025-07-08 16:26:00,102] - [INFO] - val loss: 1.0194 auc: [0.9041, 0.9041] - [models.train_test.torch_model.train]
[2025-07-08 16:26:00,103] - [INFO] - ---------- - [models.train_test.torch_model.train_utils]
[2025-07-08 16:26:00,103] - [INFO] - Epoch 66/1500 - [models.train_test.torch_model.train_utils]
[2025-07-08 16:26:47,452] - [INFO] - train loss: 0.3260 auc: [0.9151, 0.9151] - [models.train_test.torch_model.train]
[2025-07-08 16:26:52,962] - [INFO] - val loss: 0.9499 auc: [0.9072, 0.9072] - [models.train_test.torch_model.train]
[2025-07-08 16:26:52,962] - [INFO] - ---------- - [models.train_test.torch_model.train_utils]
[2025-07-08 16:26:52,962] - [INFO] - Epoch 67/1500 - [models.train_test.torch_model.train_utils]
[2025-07-08 16:27:40,666] - [INFO] - train loss: 0.3236 auc: [0.9165, 0.9165] - [models.train_test.torch_model.train]
[2025-07-08 16:27:46,111] - [INFO] - val loss: 0.9112 auc: [0.9094, 0.9094] - [models.train_test.torch_model.train]
[2025-07-08 16:27:46,111] - [INFO] - ---------- - [models.train_test.torch_model.train_utils]
[2025-07-08 16:27:46,111] - [INFO] - Epoch 68/1500 - [models.train_test.torch_model.train_utils]
[2025-07-08 16:28:37,674] - [INFO] - train loss: 0.3226 auc: [0.9167, 0.9167] - [models.train_test.torch_model.train]
[2025-07-08 16:28:43,272] - [INFO] - val loss: 0.9802 auc: [0.9083, 0.9083] - [models.train_test.torch_model.train]
[2025-07-08 16:28:43,272] - [INFO] - ---------- - [models.train_test.torch_model.train_utils]
[2025-07-08 16:28:43,272] - [INFO] - Epoch 69/1500 - [models.train_test.torch_model.train_utils]
